2026-06-16 23:41:05  INFO      [main                ]  ====================================================================
2026-06-16 23:41:05  INFO      [main                ]    RETAIL SALES PIPELINE  v2.0  — Starting
2026-06-16 23:41:05  INFO      [main                ]  ====================================================================
2026-06-16 23:41:05  INFO      [main                ]  Config loaded from C:\PROJECT WORKS\Data Science Thiranex\1st\config\config.yaml
2026-06-16 23:41:05  INFO      [main                ]  STEP A  Generating raw dataset ...
2026-06-16 23:41:06  INFO      [main                ]  STEP B  Running 10-step cleaning pipeline ...
2026-06-16 23:41:06  INFO      [main                ]  STEP C  Running statistical analysis ...
2026-06-16 23:41:06  INFO      [main                ]  STEP D  Generating dashboards ...
2026-06-16 23:41:12  INFO      [main                ]  STEP E  Training ML forecast model ...
2026-06-16 23:41:18  INFO      [main                ]  STEP F  Writing text reports ...
2026-06-16 23:41:18  INFO      [main                ]  Total pipeline runtime : 12.6s
2026-06-16 23:44:28  INFO      [main                ]  ====================================================================
2026-06-16 23:44:28  INFO      [main                ]    RETAIL SALES PIPELINE  v2.0  — Starting
2026-06-16 23:44:28  INFO      [main                ]  ====================================================================
2026-06-16 23:44:28  INFO      [main                ]  Config loaded from C:\PROJECT WORKS\Data Science Thiranex\1st\config\config.yaml
2026-06-16 23:44:28  INFO      [main                ]  STEP A  Generating raw dataset ...
2026-06-16 23:44:28  INFO      [main                ]  STEP B  Running 10-step cleaning pipeline ...
2026-06-16 23:44:28  INFO      [main                ]  STEP C  Running statistical analysis ...
2026-06-16 23:44:29  INFO      [main                ]  STEP D  Generating dashboards ...
2026-06-16 23:44:35  INFO      [main                ]  STEP E  Training ML forecast model ...
2026-06-16 23:44:41  INFO      [main                ]  STEP F  Writing text reports ...
2026-06-16 23:44:41  INFO      [main                ]  Total pipeline runtime : 13.1s
2026-06-16 23:49:04  INFO      [main                ]  ====================================================================
2026-06-16 23:49:04  INFO      [main                ]    RETAIL SALES PIPELINE  v2.0  — Starting
2026-06-16 23:49:04  INFO      [main                ]  ====================================================================
2026-06-16 23:49:04  INFO      [main                ]  Config loaded from C:\PROJECT WORKS\Data Science Thiranex\1st\config\config.yaml
2026-06-16 23:49:04  INFO      [main                ]  STEP A  Generating raw dataset ...
2026-06-16 23:49:05  INFO      [main                ]  STEP B  Running 10-step cleaning pipeline ...
2026-06-16 23:49:05  INFO      [main                ]  STEP C  Running statistical analysis ...
2026-06-16 23:49:05  INFO      [main                ]  STEP D  Generating dashboards ...
2026-06-16 23:49:09  INFO      [main                ]  STEP E  Training ML forecast model ...
2026-06-16 23:49:15  INFO      [main                ]  STEP F  Writing text reports ...
2026-06-16 23:49:15  INFO      [main                ]  Total pipeline runtime : 10.3s
2026-06-16 23:52:16  INFO      [main                ]  ====================================================================
2026-06-16 23:52:16  INFO      [main                ]    RETAIL SALES PIPELINE  v2.0  — Starting
2026-06-16 23:52:16  INFO      [main                ]  ====================================================================
2026-06-16 23:52:16  INFO      [main                ]  Config loaded from C:\PROJECT WORKS\Data Science Thiranex\1st\config\config.yaml
2026-06-16 23:52:16  INFO      [main                ]  STEP A  Generating raw dataset ...
2026-06-16 23:52:16  INFO      [main                ]  STEP B  Running 10-step cleaning pipeline ...
2026-06-16 23:52:16  INFO      [main                ]  STEP C  Running statistical analysis ...
2026-06-16 23:52:16  INFO      [main                ]  STEP D  Generating dashboards ...
2026-06-16 23:52:20  INFO      [main                ]  STEP E  Training ML forecast model ...
2026-06-16 23:52:25  INFO      [main                ]  STEP F  Writing text reports ...
2026-06-16 23:52:25  INFO      [main                ]  Total pipeline runtime : 8.7s
2026-06-16 23:52:56  INFO      [main                ]  ====================================================================
2026-06-16 23:52:56  INFO      [main                ]    RETAIL SALES PIPELINE  v2.0  — Starting
2026-06-16 23:52:56  INFO      [main                ]  ====================================================================
2026-06-16 23:52:56  INFO      [main                ]  Config loaded from C:\PROJECT WORKS\Data Science Thiranex\1st\config\config.yaml
2026-06-16 23:52:56  INFO      [main                ]  STEP A  Generating raw dataset ...
2026-06-16 23:52:56  INFO      [main                ]  STEP B  Running 10-step cleaning pipeline ...
2026-06-16 23:52:56  INFO      [main                ]  STEP C  Running statistical analysis ...
2026-06-16 23:52:56  INFO      [main                ]  STEP D  Training ML forecast model ...
2026-06-16 23:53:01  INFO      [main                ]  STEP E  Generating dashboards ...
2026-06-16 23:53:06  INFO      [main                ]  STEP F  Writing text reports ...
2026-06-16 23:53:06  INFO      [main                ]  Total pipeline runtime : 9.9s
2026-06-16 23:57:41  INFO      [main                ]  ====================================================================
2026-06-16 23:57:41  INFO      [main                ]    RETAIL SALES PIPELINE  v2.0  — Starting
2026-06-16 23:57:41  INFO      [main                ]  ====================================================================
2026-06-16 23:57:41  INFO      [main                ]  Config loaded from C:\PROJECT WORKS\Data Science Thiranex\1st\config\config.yaml
2026-06-16 23:57:41  INFO      [main                ]  STEP A  Generating raw dataset ...
2026-06-16 23:57:41  INFO      [main                ]  STEP B  Running 10-step cleaning pipeline ...
2026-06-16 23:57:41  INFO      [main                ]  STEP C  Running statistical analysis ...
2026-06-16 23:57:41  INFO      [main                ]  STEP D  Training ML forecast model ...
2026-06-16 23:57:46  INFO      [main                ]  STEP E  Generating dashboards ...
2026-06-16 23:57:51  INFO      [main                ]  STEP F  Writing text reports ...
2026-06-16 23:57:51  INFO      [main                ]  Total pipeline runtime : 10.5s
2026-06-17 00:02:04  INFO      [main                ]  ====================================================================
2026-06-17 00:02:04  INFO      [main                ]    RETAIL SALES PIPELINE  v2.0  — Starting
2026-06-17 00:02:04  INFO      [main                ]  ====================================================================
2026-06-17 00:02:04  INFO      [main                ]  Config loaded from C:\PROJECT WORKS\Data Science Thiranex\1st\config\config.yaml
2026-06-17 00:02:04  INFO      [main                ]  STEP A  Generating raw dataset ...
2026-06-17 00:02:04  INFO      [main                ]  STEP B  Running 10-step cleaning pipeline ...
2026-06-17 00:02:04  INFO      [main                ]  STEP C  Running statistical analysis ...
2026-06-17 00:02:04  INFO      [main                ]  STEP D  Training ML forecast model ...
2026-06-17 00:02:09  INFO      [main                ]  STEP E  Generating dashboards ...
2026-06-17 00:02:14  INFO      [main                ]  STEP F  Writing text reports ...
2026-06-17 00:02:14  INFO      [main                ]  Total pipeline runtime : 9.7s
2026-06-17 00:04:42  INFO      [main                ]  ====================================================================
2026-06-17 00:04:42  INFO      [main                ]    RETAIL SALES PIPELINE  v2.0  — Starting
2026-06-17 00:04:42  INFO      [main                ]  ====================================================================
2026-06-17 00:04:42  INFO      [main                ]  Config loaded from C:\PROJECT WORKS\Data Science Thiranex\1st\config\config.yaml
2026-06-17 00:04:42  INFO      [main                ]  STEP A  Generating raw dataset ...
2026-06-17 00:04:42  INFO      [main                ]  STEP B  Running 10-step cleaning pipeline ...
2026-06-17 00:04:43  INFO      [main                ]  STEP C  Running statistical analysis ...
2026-06-17 00:04:43  INFO      [main                ]  STEP D  Training ML forecast model ...
2026-06-17 00:04:47  INFO      [main                ]  STEP E  Generating dashboards ...
2026-06-17 00:04:52  INFO      [main                ]  STEP F  Writing text reports ...
2026-06-17 00:04:52  INFO      [main                ]  Total pipeline runtime : 9.8s
2026-06-17 00:06:53  INFO      [main                ]  ====================================================================
2026-06-17 00:06:53  INFO      [main                ]    RETAIL SALES PIPELINE  v2.0  — Starting
2026-06-17 00:06:53  INFO      [main                ]  ====================================================================
2026-06-17 00:06:53  INFO      [main                ]  Config loaded from C:\PROJECT WORKS\Data Science Thiranex\1st\config\config.yaml
2026-06-17 00:06:53  INFO      [main                ]  STEP A  Generating raw dataset ...
2026-06-17 00:06:53  INFO      [main                ]  STEP B  Running 10-step cleaning pipeline ...
2026-06-17 00:06:53  INFO      [main                ]  STEP C  Running statistical analysis ...
2026-06-17 00:06:53  INFO      [main                ]  STEP D  Training ML forecast model ...
2026-06-17 00:06:58  INFO      [main                ]  STEP E  Generating dashboards ...
2026-06-17 00:07:04  INFO      [main                ]  STEP F  Writing text reports ...
2026-06-17 00:07:04  INFO      [main                ]  Total pipeline runtime : 11.1s
2026-06-17 00:09:02  INFO      [main                ]  ====================================================================
2026-06-17 00:09:02  INFO      [main                ]    RETAIL SALES PIPELINE  v2.0  — Starting
2026-06-17 00:09:02  INFO      [main                ]  ====================================================================
2026-06-17 00:09:02  INFO      [main                ]  Config loaded from C:\PROJECT WORKS\Data Science Thiranex\1st\config\config.yaml
2026-06-17 00:09:02  INFO      [main                ]  STEP A  Generating raw dataset ...
2026-06-17 00:09:02  INFO      [main                ]  STEP B  Running 10-step cleaning pipeline ...
2026-06-17 00:09:02  INFO      [main                ]  STEP C  Running statistical analysis ...
2026-06-17 00:09:02  INFO      [main                ]  STEP D  Training ML forecast model ...
2026-06-17 00:09:08  INFO      [main                ]  STEP E  Generating dashboards ...
2026-06-17 00:09:13  INFO      [main                ]  STEP F  Writing text reports ...
2026-06-17 00:09:13  INFO      [main                ]  Total pipeline runtime : 11.1s
